Using pre-set license
Built from '2020.3/staging' branch; Version is '2020.3.11f1 (99c7afb366b3) revision 10078127'; Using compiler version '192528614'; Build Type 'Release'
OS: 'Windows 10 Education; OS build 19043.1237; Version 2009; 64bit' Language: 'zh' Physical Memory: 14198 MB
BatchMode: 1, IsHumanControllingUs: 0, StartBugReporterOnCrash: 0, Is64bit: 1, IsPro: 0

 COMMAND LINE ARGUMENTS:
C:\Program Files\Unity\Hub\Editor\2020.3.11f1\Editor\Unity.exe
-adb2
-batchMode
-noUpm
-name
AssetImportWorker0
-projectPath
C:/Users/d0857/MirrorNetworkingMaigcBall/Mirror-Network--Shooting-Game-Demo
-logFile
Logs/AssetImportWorker0.log
-srvPort
65247
Successfully changed project path to: C:/Users/d0857/MirrorNetworkingMaigcBall/Mirror-Network--Shooting-Game-Demo
C:/Users/d0857/MirrorNetworkingMaigcBall/Mirror-Network--Shooting-Game-Demo
Using Asset Import Pipeline V2.
Refreshing native plugins compatible for Editor in 87.15 ms, found 2 plugins.
Preloading 0 native plugins for Editor in 0.00 ms.
Initialize engine version: 2020.3.11f1 (99c7afb366b3)
[Subsystems] Discovering subsystems at path C:/Program Files/Unity/Hub/Editor/2020.3.11f1/Editor/Data/Resources/UnitySubsystems
[Subsystems] Discovering subsystems at path C:/Users/d0857/MirrorNetworkingMaigcBall/Mirror-Network--Shooting-Game-Demo/Assets
GfxDevice: creating device client; threaded=0
Direct3D:
    Version:  Direct3D 11.0 [level 11.1]
    Renderer: AMD Radeon(TM) Graphics (ID=0x1636)
    Vendor:   
    VRAM:     7099 MB
    Driver:   27.20.11028.10001
Initialize mono
Mono path[0] = 'C:/Program Files/Unity/Hub/Editor/2020.3.11f1/Editor/Data/Managed'
Mono path[1] = 'C:/Program Files/Unity/Hub/Editor/2020.3.11f1/Editor/Data/MonoBleedingEdge/lib/mono/unityjit'
Mono config path = 'C:/Program Files/Unity/Hub/Editor/2020.3.11f1/Editor/Data/MonoBleedingEdge/etc'
Using monoOptions --debugger-agent=transport=dt_socket,embedding=1,server=y,suspend=n,address=127.0.0.1:56308
Begin MonoManager ReloadAssembly
Registering precompiled unity dll's ...
Register platform support module: C:/Program Files/Unity/Hub/Editor/2020.3.11f1/Editor/Data/PlaybackEngines/WindowsStandaloneSupport/UnityEditor.WindowsStandalone.Extensions.dll
Registered in 0.004462 seconds.
Native extension for WindowsStandalone target not found
Refreshing native plugins compatible for Editor in 102.84 ms, found 2 plugins.
Preloading 0 native plugins for Editor in 0.00 ms.
Mono: successfully reloaded assembly
- Completed reload, in  3.389 seconds
Platform modules already initialized, skipping
Registering precompiled user dll's ...
Registered in 0.013476 seconds.
Begin MonoManager ReloadAssembly
Native extension for WindowsStandalone target not found
Refreshing native plugins compatible for Editor in 1.18 ms, found 2 plugins.
Preloading 0 native plugins for Editor in 0.00 ms.
Mono: successfully reloaded assembly
- Completed reload, in  2.230 seconds
Platform modules already initialized, skipping
========================================================================
Worker process is ready to serve import requests
Launched and connected shader compiler UnityShaderCompiler.exe after 0.09 seconds
Refreshing native plugins compatible for Editor in 1.21 ms, found 2 plugins.
Preloading 0 native plugins for Editor in 0.00 ms.
Unloading 1927 Unused Serialized files (Serialized files now loaded: 0)
System memory in use before: 175.2 MB.
System memory in use after: 175.5 MB.

Unloading 28 unused Assets to reduce memory usage. Loaded Objects now: 2386.
Total: 4.340300 ms (FindLiveObjects: 0.373200 ms CreateObjectMapping: 0.111400 ms MarkObjects: 3.651700 ms  DeleteObjects: 0.201300 ms)

========================================================================
Received Import Request.
  path: Assets/Scenes/ChangTerrain/Script/PlayerXRay.cs
  artifactKey: Guid(b907d852f2b6548479a79abc59f77378) Importer(815301076,1909f56bfc062723c751e8b465ee728b)
Start importing Assets/Scenes/ChangTerrain/Script/PlayerXRay.cs using Guid(b907d852f2b6548479a79abc59f77378) Importer(815301076,1909f56bfc062723c751e8b465ee728b)  -> (artifact id: '734db482da3c16ab367bb5d5067adda9') in 0.052270 seconds
  Import took 0.058379 seconds .

========================================================================
Received Prepare
Registering precompiled user dll's ...
Registered in 0.010671 seconds.
Begin MonoManager ReloadAssembly
Native extension for WindowsStandalone target not found
Refreshing native plugins compatible for Editor in 0.80 ms, found 2 plugins.
Preloading 0 native plugins for Editor in 0.00 ms.
Mono: successfully reloaded assembly
- Completed reload, in  1.799 seconds
Platform modules already initialized, skipping
Refreshing native plugins compatible for Editor in 0.84 ms, found 2 plugins.
Preloading 0 native plugins for Editor in 0.00 ms.
Unloading 1880 Unused Serialized files (Serialized files now loaded: 0)
System memory in use before: 171.2 MB.
System memory in use after: 171.3 MB.

Unloading 19 unused Assets to reduce memory usage. Loaded Objects now: 2389.
Total: 3.979100 ms (FindLiveObjects: 0.371800 ms CreateObjectMapping: 0.122400 ms MarkObjects: 3.335100 ms  DeleteObjects: 0.147200 ms)

========================================================================
Received Import Request.
  Time since last request: 40.105812 seconds.
  path: Assets/Scenes/ChangTerrain/Script/PlayerXRay.cs
  artifactKey: Guid(b907d852f2b6548479a79abc59f77378) Importer(815301076,1909f56bfc062723c751e8b465ee728b)
Start importing Assets/Scenes/ChangTerrain/Script/PlayerXRay.cs using Guid(b907d852f2b6548479a79abc59f77378) Importer(815301076,1909f56bfc062723c751e8b465ee728b)  -> (artifact id: 'd77a646aa559bd146bf355a5c19c2beb') in 0.024047 seconds
  Import took 0.029747 seconds .

========================================================================
Received Prepare
Registering precompiled user dll's ...
Registered in 0.020400 seconds.
Begin MonoManager ReloadAssembly
Native extension for WindowsStandalone target not found
Refreshing native plugins compatible for Editor in 0.84 ms, found 2 plugins.
Preloading 0 native plugins for Editor in 0.00 ms.
Mono: successfully reloaded assembly
- Completed reload, in  1.829 seconds
Platform modules already initialized, skipping
Refreshing native plugins compatible for Editor in 0.88 ms, found 2 plugins.
Preloading 0 native plugins for Editor in 0.00 ms.
Unloading 1880 Unused Serialized files (Serialized files now loaded: 0)
System memory in use before: 171.3 MB.
System memory in use after: 171.4 MB.

Unloading 19 unused Assets to reduce memory usage. Loaded Objects now: 2392.
Total: 3.825400 ms (FindLiveObjects: 0.325300 ms CreateObjectMapping: 0.096400 ms MarkObjects: 3.261100 ms  DeleteObjects: 0.140400 ms)

========================================================================
Received Prepare
Registering precompiled user dll's ...
Registered in 0.009705 seconds.
Begin MonoManager ReloadAssembly
Native extension for WindowsStandalone target not found
Refreshing native plugins compatible for Editor in 0.85 ms, found 2 plugins.
Preloading 0 native plugins for Editor in 0.00 ms.
Mono: successfully reloaded assembly
- Completed reload, in  1.833 seconds
Platform modules already initialized, skipping
Refreshing native plugins compatible for Editor in 1.25 ms, found 2 plugins.
Preloading 0 native plugins for Editor in 0.00 ms.
Unloading 1880 Unused Serialized files (Serialized files now loaded: 0)
System memory in use before: 171.3 MB.
System memory in use after: 171.4 MB.

Unloading 19 unused Assets to reduce memory usage. Loaded Objects now: 2395.
Total: 5.578300 ms (FindLiveObjects: 0.828100 ms CreateObjectMapping: 0.144800 ms MarkObjects: 4.447900 ms  DeleteObjects: 0.153000 ms)

========================================================================
Received Prepare
Registering precompiled user dll's ...
Registered in 0.010137 seconds.
Begin MonoManager ReloadAssembly
Native extension for WindowsStandalone target not found
Refreshing native plugins compatible for Editor in 0.85 ms, found 2 plugins.
Preloading 0 native plugins for Editor in 0.00 ms.
Mono: successfully reloaded assembly
- Completed reload, in  1.889 seconds
Platform modules already initialized, skipping
Refreshing native plugins compatible for Editor in 0.79 ms, found 2 plugins.
Preloading 0 native plugins for Editor in 0.00 ms.
Unloading 1880 Unused Serialized files (Serialized files now loaded: 0)
System memory in use before: 171.3 MB.
System memory in use after: 171.4 MB.

Unloading 19 unused Assets to reduce memory usage. Loaded Objects now: 2398.
Total: 3.790600 ms (FindLiveObjects: 0.332000 ms CreateObjectMapping: 0.095900 ms MarkObjects: 3.217600 ms  DeleteObjects: 0.142500 ms)

========================================================================
Received Import Request.
  Time since last request: 1200.249479 seconds.
  path: Assets/Scenes/ChangTerrain/Script/TerrainControllor.cs
  artifactKey: Guid(381b6ab0640f3b1438929d9da7afec36) Importer(815301076,1909f56bfc062723c751e8b465ee728b)
Start importing Assets/Scenes/ChangTerrain/Script/TerrainControllor.cs using Guid(381b6ab0640f3b1438929d9da7afec36) Importer(815301076,1909f56bfc062723c751e8b465ee728b)  -> (artifact id: '89963b2044d32453f7a6b5fe9bfef8c3') in 0.026008 seconds
  Import took 0.032224 seconds .

========================================================================
Received Import Request.
  Time since last request: 0.002490 seconds.
  path: Assets/Scenes/ChangTerrain/Script/TerrainControllor.cs
  artifactKey: Guid(381b6ab0640f3b1438929d9da7afec36) Importer(815301076,1909f56bfc062723c751e8b465ee728b)
Start importing Assets/Scenes/ChangTerrain/Script/TerrainControllor.cs using Guid(381b6ab0640f3b1438929d9da7afec36) Importer(815301076,1909f56bfc062723c751e8b465ee728b)  -> (artifact id: '89963b2044d32453f7a6b5fe9bfef8c3') in 0.011260 seconds
  Import took 0.018708 seconds .

========================================================================
Received Prepare
Registering precompiled user dll's ...
Registered in 0.010397 seconds.
Begin MonoManager ReloadAssembly
Native extension for WindowsStandalone target not found
Refreshing native plugins compatible for Editor in 0.82 ms, found 2 plugins.
Preloading 0 native plugins for Editor in 0.00 ms.
Mono: successfully reloaded assembly
- Completed reload, in  1.773 seconds
Platform modules already initialized, skipping
Refreshing native plugins compatible for Editor in 0.80 ms, found 2 plugins.
Preloading 0 native plugins for Editor in 0.00 ms.
Unloading 1880 Unused Serialized files (Serialized files now loaded: 0)
System memory in use before: 171.3 MB.
System memory in use after: 171.4 MB.

Unloading 19 unused Assets to reduce memory usage. Loaded Objects now: 2401.
Total: 3.889000 ms (FindLiveObjects: 0.332200 ms CreateObjectMapping: 0.095800 ms MarkObjects: 3.310100 ms  DeleteObjects: 0.148500 ms)

========================================================================
Received Import Request.
  Time since last request: 102.765353 seconds.
  path: Assets/Scenes/ChangTerrain/Script/TerrainControllor.cs
  artifactKey: Guid(381b6ab0640f3b1438929d9da7afec36) Importer(815301076,1909f56bfc062723c751e8b465ee728b)
Start importing Assets/Scenes/ChangTerrain/Script/TerrainControllor.cs using Guid(381b6ab0640f3b1438929d9da7afec36) Importer(815301076,1909f56bfc062723c751e8b465ee728b)  -> (artifact id: '5793f52ada9f9222a0a3958246c43e38') in 0.010317 seconds
  Import took 0.016079 seconds .

========================================================================
Received Prepare
Registering precompiled user dll's ...
Registered in 0.009831 seconds.
Begin MonoManager ReloadAssembly
Native extension for WindowsStandalone target not found
Refreshing native plugins compatible for Editor in 0.81 ms, found 2 plugins.
Preloading 0 native plugins for Editor in 0.00 ms.
Mono: successfully reloaded assembly
- Completed reload, in  1.866 seconds
Platform modules already initialized, skipping
Refreshing native plugins compatible for Editor in 0.84 ms, found 2 plugins.
Preloading 0 native plugins for Editor in 0.00 ms.
Unloading 1880 Unused Serialized files (Serialized files now loaded: 0)
System memory in use before: 171.3 MB.
System memory in use after: 171.4 MB.

Unloading 19 unused Assets to reduce memory usage. Loaded Objects now: 2404.
Total: 4.180700 ms (FindLiveObjects: 0.359900 ms CreateObjectMapping: 0.097300 ms MarkObjects: 3.574700 ms  DeleteObjects: 0.145800 ms)

========================================================================
Received Import Request.
  Time since last request: 131.009225 seconds.
  path: Assets/Scenes/ChangTerrain/Script/TerrainControllor.cs
  artifactKey: Guid(381b6ab0640f3b1438929d9da7afec36) Importer(815301076,1909f56bfc062723c751e8b465ee728b)
Start importing Assets/Scenes/ChangTerrain/Script/TerrainControllor.cs using Guid(381b6ab0640f3b1438929d9da7afec36) Importer(815301076,1909f56bfc062723c751e8b465ee728b)  -> (artifact id: '3ff9ae0f45c334ef900f4cb677655632') in 0.010844 seconds
  Import took 0.016801 seconds .

========================================================================
Received Prepare
Registering precompiled user dll's ...
Registered in 0.010516 seconds.
Begin MonoManager ReloadAssembly
Native extension for WindowsStandalone target not found
Refreshing native plugins compatible for Editor in 0.80 ms, found 2 plugins.
Preloading 0 native plugins for Editor in 0.00 ms.
Mono: successfully reloaded assembly
- Completed reload, in  1.754 seconds
Platform modules already initialized, skipping
Refreshing native plugins compatible for Editor in 0.80 ms, found 2 plugins.
Preloading 0 native plugins for Editor in 0.00 ms.
Unloading 1880 Unused Serialized files (Serialized files now loaded: 0)
System memory in use before: 171.3 MB.
System memory in use after: 171.4 MB.

Unloading 19 unused Assets to reduce memory usage. Loaded Objects now: 2407.
Total: 3.871800 ms (FindLiveObjects: 0.332700 ms CreateObjectMapping: 0.115700 ms MarkObjects: 3.273800 ms  DeleteObjects: 0.147100 ms)

========================================================================
Received Import Request.
  Time since last request: 41.011169 seconds.
  path: Assets/Scenes/ChangTerrain/Script/TerrainControllor.cs
  artifactKey: Guid(381b6ab0640f3b1438929d9da7afec36) Importer(815301076,1909f56bfc062723c751e8b465ee728b)
Start importing Assets/Scenes/ChangTerrain/Script/TerrainControllor.cs using Guid(381b6ab0640f3b1438929d9da7afec36) Importer(815301076,1909f56bfc062723c751e8b465ee728b)  -> (artifact id: 'bafbc6d99b2dbf2e8df99b225b19cb58') in 0.010078 seconds
  Import took 0.015954 seconds .

========================================================================
Received Import Request.
  Time since last request: 1.043378 seconds.
  path: Assets/Scenes/ChangTerrain/Script/TerrainControllor.cs
  artifactKey: Guid(381b6ab0640f3b1438929d9da7afec36) Importer(815301076,1909f56bfc062723c751e8b465ee728b)
Start importing Assets/Scenes/ChangTerrain/Script/TerrainControllor.cs using Guid(381b6ab0640f3b1438929d9da7afec36) Importer(815301076,1909f56bfc062723c751e8b465ee728b)  -> (artifact id: 'bafbc6d99b2dbf2e8df99b225b19cb58') in 0.010541 seconds
  Import took 0.016090 seconds .

========================================================================
Received Prepare
Registering precompiled user dll's ...
Registered in 0.012381 seconds.
Begin MonoManager ReloadAssembly
Native extension for WindowsStandalone target not found
Refreshing native plugins compatible for Editor in 1.58 ms, found 2 plugins.
Preloading 0 native plugins for Editor in 0.00 ms.
Mono: successfully reloaded assembly
- Completed reload, in  2.177 seconds
Platform modules already initialized, skipping
Refreshing native plugins compatible for Editor in 0.85 ms, found 2 plugins.
Preloading 0 native plugins for Editor in 0.00 ms.
Unloading 1880 Unused Serialized files (Serialized files now loaded: 0)
System memory in use before: 171.3 MB.
System memory in use after: 171.4 MB.

Unloading 19 unused Assets to reduce memory usage. Loaded Objects now: 2410.
Total: 4.002400 ms (FindLiveObjects: 0.352700 ms CreateObjectMapping: 0.099900 ms MarkObjects: 3.402800 ms  DeleteObjects: 0.144400 ms)

========================================================================
Received Prepare
Registering precompiled user dll's ...
Registered in 0.010521 seconds.
Begin MonoManager ReloadAssembly
Native extension for WindowsStandalone target not found
Refreshing native plugins compatible for Editor in 0.81 ms, found 2 plugins.
Preloading 0 native plugins for Editor in 0.00 ms.
Mono: successfully reloaded assembly
- Completed reload, in  1.786 seconds
Platform modules already initialized, skipping
Refreshing native plugins compatible for Editor in 0.80 ms, found 2 plugins.
Preloading 0 native plugins for Editor in 0.00 ms.
Unloading 1880 Unused Serialized files (Serialized files now loaded: 0)
System memory in use before: 171.3 MB.
System memory in use after: 171.4 MB.

Unloading 19 unused Assets to reduce memory usage. Loaded Objects now: 2413.
Total: 3.688300 ms (FindLiveObjects: 0.316200 ms CreateObjectMapping: 0.098000 ms MarkObjects: 3.121900 ms  DeleteObjects: 0.150400 ms)

========================================================================
Received Import Request.
  Time since last request: 806.203541 seconds.
  path: Assets/Scenes/ChangTerrain/Script/TerrainControllor.cs
  artifactKey: Guid(381b6ab0640f3b1438929d9da7afec36) Importer(815301076,1909f56bfc062723c751e8b465ee728b)
Start importing Assets/Scenes/ChangTerrain/Script/TerrainControllor.cs using Guid(381b6ab0640f3b1438929d9da7afec36) Importer(815301076,1909f56bfc062723c751e8b465ee728b)  -> (artifact id: '0941742afc0495087d1c563c1e6229cc') in 0.010147 seconds
  Import took 0.017891 seconds .

AssetImportWorkerClient::OnTransportError - code=2 error=End of file
